
 /----------------------------------------------------------------------------\
 |                                                                            |
 |  yosys -- Yosys Open SYnthesis Suite                                       |
 |                                                                            |
 |  Copyright (C) 2012 - 2020  Claire Xenia Wolf <claire@yosyshq.com>         |
 |                                                                            |
 |  Permission to use, copy, modify, and/or distribute this software for any  |
 |  purpose with or without fee is hereby granted, provided that the above    |
 |  copyright notice and this permission notice appear in all copies.         |
 |                                                                            |
 |  THE SOFTWARE IS PROVIDED "AS IS" AND THE AUTHOR DISCLAIMS ALL WARRANTIES  |
 |  WITH REGARD TO THIS SOFTWARE INCLUDING ALL IMPLIED WARRANTIES OF          |
 |  MERCHANTABILITY AND FITNESS. IN NO EVENT SHALL THE AUTHOR BE LIABLE FOR   |
 |  ANY SPECIAL, DIRECT, INDIRECT, OR CONSEQUENTIAL DAMAGES OR ANY DAMAGES    |
 |  WHATSOEVER RESULTING FROM LOSS OF USE, DATA OR PROFITS, WHETHER IN AN     |
 |  ACTION OF CONTRACT, NEGLIGENCE OR OTHER TORTIOUS ACTION, ARISING OUT OF   |
 |  OR IN CONNECTION WITH THE USE OR PERFORMANCE OF THIS SOFTWARE.            |
 |                                                                            |
 \----------------------------------------------------------------------------/

 Yosys 0.35+36 (git sha1 c95298225, clang 10.0.0-4ubuntu1 -fPIC -Os)


-- Executing script file `design_smt2.ys' --

1. Executing RTLIL frontend.
Input filename: design_prep.il

2. Executing HIERARCHY pass (managing design hierarchy).

2.1. Analyzing design hierarchy..
Top module:  \helloworld
Used module:     $paramod\txuart\CLOCKS_PER_BAUD=24'000000000000001101100100

2.2. Analyzing design hierarchy..
Top module:  \helloworld
Used module:     $paramod\txuart\CLOCKS_PER_BAUD=24'000000000000001101100100
Removed 0 unused modules.
Module helloworld directly or indirectly contains formal properties -> setting "keep" attribute.
Module $paramod\txuart\CLOCKS_PER_BAUD=24'000000000000001101100100 directly or indirectly contains formal properties -> setting "keep" attribute.

3. Executing FORMALFF pass.

4. Executing DFFUNMAP pass (unmap clock enable and synchronous reset from FFs).

5. Printing statistics.

=== helloworld ===

   Number of wires:                183
   Number of wire bits:            300
   Number of public wires:          55
   Number of public wire bits:     101
   Number of memories:               0
   Number of memory bits:            0
   Number of processes:              0
   Number of cells:                201
     $add                            2
     $anyinit                       11
     $anyseq                        36
     $assert                        19
     $assume                         1
     $eq                            18
     $ff                             8
     $le                            12
     $logic_and                      6
     $logic_not                      5
     $logic_or                       1
     $mem_v2                         1
     $mux                           76
     $ne                             1
     $not                            1
     $paramod\txuart\CLOCKS_PER_BAUD=24'000000000000001101100100      1
     $reduce_bool                    1
     $sub                            1

=== $paramod\txuart\CLOCKS_PER_BAUD=24'000000000000001101100100 ===

   Number of wires:                148
   Number of wire bits:            356
   Number of public wires:          48
   Number of public wire bits:     126
   Number of memories:               0
   Number of memory bits:            0
   Number of processes:              0
   Number of cells:                164
     $add                            1
     $anyinit                       22
     $anyseq                        16
     $assert                        16
     $assume                         4
     $eq                            23
     $ff                            19
     $initstate                      1
     $logic_and                      4
     $logic_not                      4
     $lt                             2
     $mux                           46
     $ne                             1
     $not                            2
     $reduce_bool                    1
     $reduce_or                      1
     $sub                            1

=== design hierarchy ===

   helloworld                        1
     $paramod\txuart\CLOCKS_PER_BAUD=24'000000000000001101100100      1

   Number of wires:                331
   Number of wire bits:            656
   Number of public wires:         103
   Number of public wire bits:     227
   Number of memories:               0
   Number of memory bits:            0
   Number of processes:              0
   Number of cells:                364
     $add                            3
     $anyinit                       33
     $anyseq                        52
     $assert                        35
     $assume                         5
     $eq                            41
     $ff                            27
     $initstate                      1
     $le                            12
     $logic_and                     10
     $logic_not                      9
     $logic_or                       1
     $lt                             2
     $mem_v2                         1
     $mux                          122
     $ne                             2
     $not                            3
     $reduce_bool                    2
     $reduce_or                      1
     $sub                            2

6. Executing SMT2 backend.

6.1. Executing BMUXMAP pass.

6.2. Executing DEMUXMAP pass.
Creating SMT-LIBv2 representation of module $paramod\txuart\CLOCKS_PER_BAUD=24'000000000000001101100100.
Creating SMT-LIBv2 representation of module helloworld.

End of script. Logfile hash: 1c4bcd3d61, CPU: user 0.00s system 0.01s, MEM: 11.82 MB peak
Yosys 0.35+36 (git sha1 c95298225, clang 10.0.0-4ubuntu1 -fPIC -Os)
Time spent: 56% 2x write_smt2 (0 sec), 35% 2x read_ilang (0 sec), ...
