
 /----------------------------------------------------------------------------\
 |                                                                            |
 |  yosys -- Yosys Open SYnthesis Suite                                       |
 |                                                                            |
 |  Copyright (C) 2012 - 2020  Claire Xenia Wolf <claire@yosyshq.com>         |
 |                                                                            |
 |  Permission to use, copy, modify, and/or distribute this software for any  |
 |  purpose with or without fee is hereby granted, provided that the above    |
 |  copyright notice and this permission notice appear in all copies.         |
 |                                                                            |
 |  THE SOFTWARE IS PROVIDED "AS IS" AND THE AUTHOR DISCLAIMS ALL WARRANTIES  |
 |  WITH REGARD TO THIS SOFTWARE INCLUDING ALL IMPLIED WARRANTIES OF          |
 |  MERCHANTABILITY AND FITNESS. IN NO EVENT SHALL THE AUTHOR BE LIABLE FOR   |
 |  ANY SPECIAL, DIRECT, INDIRECT, OR CONSEQUENTIAL DAMAGES OR ANY DAMAGES    |
 |  WHATSOEVER RESULTING FROM LOSS OF USE, DATA OR PROFITS, WHETHER IN AN     |
 |  ACTION OF CONTRACT, NEGLIGENCE OR OTHER TORTIOUS ACTION, ARISING OUT OF   |
 |  OR IN CONNECTION WITH THE USE OR PERFORMANCE OF THIS SOFTWARE.            |
 |                                                                            |
 \----------------------------------------------------------------------------/

 Yosys 0.35+36 (git sha1 c95298225, clang 10.0.0-4ubuntu1 -fPIC -Os)


-- Executing script file `design_smt2.ys' --

1. Executing RTLIL frontend.
Input filename: design_prep.il

2. Executing HIERARCHY pass (managing design hierarchy).

2.1. Analyzing design hierarchy..
Top module:  \reqwalker

2.2. Analyzing design hierarchy..
Top module:  \reqwalker
Removed 0 unused modules.
Module reqwalker directly or indirectly contains formal properties -> setting "keep" attribute.

3. Executing FORMALFF pass.

4. Executing DFFUNMAP pass (unmap clock enable and synchronous reset from FFs).

5. Printing statistics.

=== reqwalker ===

   Number of wires:                212
   Number of wire bits:            406
   Number of public wires:          70
   Number of public wire bits:     238
   Number of memories:               0
   Number of memory bits:            0
   Number of processes:              0
   Number of cells:                235
     $add                            2
     $and                           10
     $anyinit                       27
     $anyseq                        29
     $assert                        18
     $assume                        13
     $eq                            24
     $ff                             8
     $ge                             1
     $initstate                      1
     $le                             1
     $logic_and                     18
     $logic_not                      7
     $lt                             1
     $mux                           56
     $ne                             1
     $not                           12
     $pmux                           1
     $reduce_bool                    1
     $reduce_or                      4

6. Executing SMT2 backend.

6.1. Executing BMUXMAP pass.

6.2. Executing DEMUXMAP pass.
Creating SMT-LIBv2 representation of module reqwalker.

End of script. Logfile hash: 0e909edbf5, CPU: user 0.01s system 0.00s, MEM: 11.31 MB peak
Yosys 0.35+36 (git sha1 c95298225, clang 10.0.0-4ubuntu1 -fPIC -Os)
Time spent: 56% 2x write_smt2 (0 sec), 35% 2x read_ilang (0 sec), ...
