
 /----------------------------------------------------------------------------\
 |                                                                            |
 |  yosys -- Yosys Open SYnthesis Suite                                       |
 |                                                                            |
 |  Copyright (C) 2012 - 2020  Claire Xenia Wolf <claire@yosyshq.com>         |
 |                                                                            |
 |  Permission to use, copy, modify, and/or distribute this software for any  |
 |  purpose with or without fee is hereby granted, provided that the above    |
 |  copyright notice and this permission notice appear in all copies.         |
 |                                                                            |
 |  THE SOFTWARE IS PROVIDED "AS IS" AND THE AUTHOR DISCLAIMS ALL WARRANTIES  |
 |  WITH REGARD TO THIS SOFTWARE INCLUDING ALL IMPLIED WARRANTIES OF          |
 |  MERCHANTABILITY AND FITNESS. IN NO EVENT SHALL THE AUTHOR BE LIABLE FOR   |
 |  ANY SPECIAL, DIRECT, INDIRECT, OR CONSEQUENTIAL DAMAGES OR ANY DAMAGES    |
 |  WHATSOEVER RESULTING FROM LOSS OF USE, DATA OR PROFITS, WHETHER IN AN     |
 |  ACTION OF CONTRACT, NEGLIGENCE OR OTHER TORTIOUS ACTION, ARISING OUT OF   |
 |  OR IN CONNECTION WITH THE USE OR PERFORMANCE OF THIS SOFTWARE.            |
 |                                                                            |
 \----------------------------------------------------------------------------/

 Yosys 0.35+36 (git sha1 c95298225, clang 10.0.0-4ubuntu1 -fPIC -Os)


-- Executing script file `../model/design.ys' --

1. Executing Verilog-2005 frontend: ledwalker.v
Parsing formal SystemVerilog input from `ledwalker.v' to AST representation.
Storing AST representation for module `$abstract\ledwalker'.
Successfully finished Verilog frontend.

2. Executing PREP pass.

2.1. Executing HIERARCHY pass (managing design hierarchy).

2.2. Executing AST frontend in derive mode using pre-parsed AST for module `\ledwalker'.
Generating RTLIL representation for module `\ledwalker'.

2.2.1. Analyzing design hierarchy..
Top module:  \ledwalker

2.2.2. Analyzing design hierarchy..
Top module:  \ledwalker
Removing unused module `$abstract\ledwalker'.
Removed 1 unused modules.
Module ledwalker directly or indirectly contains formal properties -> setting "keep" attribute.

2.3. Executing PROC pass (convert processes to netlists).

2.3.1. Executing PROC_CLEAN pass (remove empty switches from decision trees).
Cleaned up 0 empty switches.

2.3.2. Executing PROC_RMDEAD pass (remove dead branches from decision trees).
Marked 1 switch rules as full_case in process $proc$ledwalker.v:113$32 in module ledwalker.
Marked 1 switch rules as full_case in process $proc$ledwalker.v:70$14 in module ledwalker.
Marked 1 switch rules as full_case in process $proc$ledwalker.v:61$11 in module ledwalker.
Marked 1 switch rules as full_case in process $proc$ledwalker.v:54$8 in module ledwalker.
Marked 1 switch rules as full_case in process $proc$ledwalker.v:47$6 in module ledwalker.
Removed a total of 0 dead cases.

2.3.3. Executing PROC_PRUNE pass (remove redundant assignments in processes).
Removed 3 redundant assignments.
Promoted 17 assignments to connections.

2.3.4. Executing PROC_INIT pass (extract init attributes).
Found init rule in `\ledwalker.$proc$ledwalker.v:0$46'.
  Set init value: $formal$ledwalker.v:106$4_EN = 1'0
Found init rule in `\ledwalker.$proc$ledwalker.v:0$44'.
  Set init value: $formal$ledwalker.v:103$3_EN = 1'0
Found init rule in `\ledwalker.$proc$ledwalker.v:0$43'.
  Set init value: \stb = 1'0
Found init rule in `\ledwalker.$proc$ledwalker.v:0$42'.
  Set init value: \wait_counter = 999
Found init rule in `\ledwalker.$proc$ledwalker.v:0$41'.
  Set init value: \o_led = 8'00000001
Found init rule in `\ledwalker.$proc$ledwalker.v:0$40'.
  Set init value: \led_index = 4'0000

2.3.5. Executing PROC_ARST pass (detect async resets in processes).

2.3.6. Executing PROC_ROM pass (convert switches to ROMs).
Converted 1 switch.
<suppressed ~5 debug messages>

2.3.7. Executing PROC_MUX pass (convert decision trees to multiplexers).
Creating decoders for process `\ledwalker.$proc$ledwalker.v:0$46'.
Creating decoders for process `\ledwalker.$proc$ledwalker.v:0$44'.
Creating decoders for process `\ledwalker.$proc$ledwalker.v:0$43'.
Creating decoders for process `\ledwalker.$proc$ledwalker.v:0$42'.
Creating decoders for process `\ledwalker.$proc$ledwalker.v:0$41'.
Creating decoders for process `\ledwalker.$proc$ledwalker.v:0$40'.
Creating decoders for process `\ledwalker.$proc$ledwalker.v:113$32'.
     1/1: $1\f_valid_output[0:0]
Creating decoders for process `\ledwalker.$proc$ledwalker.v:106$27'.
Creating decoders for process `\ledwalker.$proc$ledwalker.v:103$23'.
Creating decoders for process `\ledwalker.$proc$ledwalker.v:100$19'.
Creating decoders for process `\ledwalker.$proc$ledwalker.v:97$15'.
Creating decoders for process `\ledwalker.$proc$ledwalker.v:70$14'.
     1/1: $0\o_led[7:0]
Creating decoders for process `\ledwalker.$proc$ledwalker.v:61$11'.
     1/1: $0\led_index[3:0]
Creating decoders for process `\ledwalker.$proc$ledwalker.v:54$8'.
     1/1: $0\wait_counter[31:0]
Creating decoders for process `\ledwalker.$proc$ledwalker.v:47$6'.
     1/1: $0\stb[0:0]

2.3.8. Executing PROC_DLATCH pass (convert process syncs to latches).
No latch inferred for signal `\ledwalker.\f_valid_output' from process `\ledwalker.$proc$ledwalker.v:113$32'.
No latch inferred for signal `\ledwalker.$formal$ledwalker.v:130$5_CHECK' from process `\ledwalker.$proc$ledwalker.v:113$32'.
No latch inferred for signal `\ledwalker.$formal$ledwalker.v:130$5_EN' from process `\ledwalker.$proc$ledwalker.v:113$32'.
No latch inferred for signal `\ledwalker.$formal$ledwalker.v:100$2_CHECK' from process `\ledwalker.$proc$ledwalker.v:100$19'.
No latch inferred for signal `\ledwalker.$formal$ledwalker.v:100$2_EN' from process `\ledwalker.$proc$ledwalker.v:100$19'.
No latch inferred for signal `\ledwalker.$formal$ledwalker.v:97$1_CHECK' from process `\ledwalker.$proc$ledwalker.v:97$15'.
No latch inferred for signal `\ledwalker.$formal$ledwalker.v:97$1_EN' from process `\ledwalker.$proc$ledwalker.v:97$15'.

2.3.9. Executing PROC_DFF pass (convert process syncs to FFs).
Creating register for signal `\ledwalker.$formal$ledwalker.v:106$4_CHECK' using process `\ledwalker.$proc$ledwalker.v:106$27'.
  created $dff cell `$procdff$74' with positive edge clock.
Creating register for signal `\ledwalker.$formal$ledwalker.v:106$4_EN' using process `\ledwalker.$proc$ledwalker.v:106$27'.
  created $dff cell `$procdff$75' with positive edge clock.
Creating register for signal `\ledwalker.$formal$ledwalker.v:103$3_CHECK' using process `\ledwalker.$proc$ledwalker.v:103$23'.
  created $dff cell `$procdff$76' with positive edge clock.
Creating register for signal `\ledwalker.$formal$ledwalker.v:103$3_EN' using process `\ledwalker.$proc$ledwalker.v:103$23'.
  created $dff cell `$procdff$77' with positive edge clock.
Creating register for signal `\ledwalker.\o_led' using process `\ledwalker.$proc$ledwalker.v:70$14'.
  created $dff cell `$procdff$78' with positive edge clock.
Creating register for signal `\ledwalker.\led_index' using process `\ledwalker.$proc$ledwalker.v:61$11'.
  created $dff cell `$procdff$79' with positive edge clock.
Creating register for signal `\ledwalker.\wait_counter' using process `\ledwalker.$proc$ledwalker.v:54$8'.
  created $dff cell `$procdff$80' with positive edge clock.
Creating register for signal `\ledwalker.\stb' using process `\ledwalker.$proc$ledwalker.v:47$6'.
  created $dff cell `$procdff$81' with positive edge clock.

2.3.10. Executing PROC_MEMWR pass (convert process memory writes to cells).

2.3.11. Executing PROC_CLEAN pass (remove empty switches from decision trees).
Removing empty process `ledwalker.$proc$ledwalker.v:0$46'.
Removing empty process `ledwalker.$proc$ledwalker.v:0$44'.
Removing empty process `ledwalker.$proc$ledwalker.v:0$43'.
Removing empty process `ledwalker.$proc$ledwalker.v:0$42'.
Removing empty process `ledwalker.$proc$ledwalker.v:0$41'.
Removing empty process `ledwalker.$proc$ledwalker.v:0$40'.
Found and cleaned up 1 empty switch in `\ledwalker.$proc$ledwalker.v:113$32'.
Removing empty process `ledwalker.$proc$ledwalker.v:113$32'.
Removing empty process `ledwalker.$proc$ledwalker.v:106$27'.
Removing empty process `ledwalker.$proc$ledwalker.v:103$23'.
Removing empty process `ledwalker.$proc$ledwalker.v:100$19'.
Removing empty process `ledwalker.$proc$ledwalker.v:97$15'.
Found and cleaned up 1 empty switch in `\ledwalker.$proc$ledwalker.v:70$14'.
Removing empty process `ledwalker.$proc$ledwalker.v:70$14'.
Found and cleaned up 2 empty switches in `\ledwalker.$proc$ledwalker.v:61$11'.
Removing empty process `ledwalker.$proc$ledwalker.v:61$11'.
Found and cleaned up 1 empty switch in `\ledwalker.$proc$ledwalker.v:54$8'.
Removing empty process `ledwalker.$proc$ledwalker.v:54$8'.
Found and cleaned up 1 empty switch in `\ledwalker.$proc$ledwalker.v:47$6'.
Removing empty process `ledwalker.$proc$ledwalker.v:47$6'.
Cleaned up 6 empty switches.

2.3.12. Executing OPT_EXPR pass (perform const folding).
Optimizing module ledwalker.
<suppressed ~4 debug messages>

2.4. Executing FUTURE pass.

2.5. Executing OPT_EXPR pass (perform const folding).
Optimizing module ledwalker.

2.6. Executing OPT_CLEAN pass (remove unused cells and wires).
Finding unused cells or wires in module \ledwalker..
Removed 0 unused cells and 33 unused wires.
<suppressed ~1 debug messages>

2.7. Executing CHECK pass (checking for obvious problems).
Checking module ledwalker...
Found and reported 0 problems.

2.8. Executing OPT pass (performing simple optimizations).

2.8.1. Executing OPT_EXPR pass (perform const folding).
Optimizing module ledwalker.

2.8.2. Executing OPT_MERGE pass (detect identical cells).
Finding identical cells in module `\ledwalker'.
<suppressed ~9 debug messages>
Removed a total of 3 cells.

2.8.3. Executing OPT_MUXTREE pass (detect dead branches in mux trees).
Running muxtree optimizer on module \ledwalker..
  Creating internal representation of mux trees.
  Evaluating internal representation of mux trees.
  Analyzing evaluation results.
Removed 0 multiplexer ports.
<suppressed ~4 debug messages>

2.8.4. Executing OPT_REDUCE pass (consolidate $*mux and $reduce_* inputs).
  Optimizing cells in module \ledwalker.
    New ctrl vector for $pmux cell $procmux$53: $auto$opt_reduce.cc:134:opt_pmux$83
  Optimizing cells in module \ledwalker.
Performed a total of 1 changes.

2.8.5. Executing OPT_MERGE pass (detect identical cells).
Finding identical cells in module `\ledwalker'.
Removed a total of 0 cells.

2.8.6. Executing OPT_CLEAN pass (remove unused cells and wires).
Finding unused cells or wires in module \ledwalker..
Removed 0 unused cells and 3 unused wires.
<suppressed ~1 debug messages>

2.8.7. Executing OPT_EXPR pass (perform const folding).
Optimizing module ledwalker.

2.8.8. Rerunning OPT passes. (Maybe there is more to do..)

2.8.9. Executing OPT_MUXTREE pass (detect dead branches in mux trees).
Running muxtree optimizer on module \ledwalker..
  Creating internal representation of mux trees.
  Evaluating internal representation of mux trees.
  Analyzing evaluation results.
Removed 0 multiplexer ports.
<suppressed ~4 debug messages>

2.8.10. Executing OPT_REDUCE pass (consolidate $*mux and $reduce_* inputs).
  Optimizing cells in module \ledwalker.
Performed a total of 0 changes.

2.8.11. Executing OPT_MERGE pass (detect identical cells).
Finding identical cells in module `\ledwalker'.
Removed a total of 0 cells.

2.8.12. Executing OPT_CLEAN pass (remove unused cells and wires).
Finding unused cells or wires in module \ledwalker..

2.8.13. Executing OPT_EXPR pass (perform const folding).
Optimizing module ledwalker.

2.8.14. Finished OPT passes. (There is nothing left to do.)

2.9. Executing WREDUCE pass (reducing word size of cells).
Removed top 28 address bits (of 32) from memory init port ledwalker.$auto$mem.cc:328:emit$51 ($auto$proc_rom.cc:150:do_switch$49).
Removed top 22 bits (of 32) from port B of cell ledwalker.$le$ledwalker.v:104$26 ($le).
Removed top 1 bits (of 8) from port B of cell ledwalker.$procmux$55_CMP0 ($eq).
Removed top 2 bits (of 8) from port B of cell ledwalker.$procmux$56_CMP0 ($eq).
Removed top 3 bits (of 8) from port B of cell ledwalker.$procmux$57_CMP0 ($eq).
Removed top 4 bits (of 8) from port B of cell ledwalker.$procmux$58_CMP0 ($eq).
Removed top 5 bits (of 8) from port B of cell ledwalker.$procmux$59_CMP0 ($eq).
Removed top 6 bits (of 8) from port B of cell ledwalker.$procmux$60_CMP0 ($eq).
Removed top 7 bits (of 8) from port B of cell ledwalker.$procmux$61_CMP0 ($eq).

2.10. Executing OPT_CLEAN pass (remove unused cells and wires).
Finding unused cells or wires in module \ledwalker..

2.11. Executing MEMORY_COLLECT pass (generating $mem cells).

2.12. Executing OPT pass (performing simple optimizations).

2.12.1. Executing OPT_EXPR pass (perform const folding).
Optimizing module ledwalker.

2.12.2. Executing OPT_MERGE pass (detect identical cells).
Finding identical cells in module `\ledwalker'.
Removed a total of 0 cells.

2.12.3. Executing OPT_CLEAN pass (remove unused cells and wires).
Finding unused cells or wires in module \ledwalker..

2.12.4. Finished fast OPT passes.

2.13. Printing statistics.

=== ledwalker ===

   Number of wires:                 31
   Number of wire bits:            150
   Number of public wires:           6
   Number of public wire bits:      47
   Number of memories:               0
   Number of memory bits:            0
   Number of processes:              0
   Number of cells:                 35
     $add                            1
     $assert                         4
     $cover                          1
     $dff                            7
     $eq                             9
     $gt                             1
     $le                             2
     $logic_not                      2
     $mem_v2                         1
     $mux                            5
     $reduce_or                      1
     $sub                            1

2.14. Executing CHECK pass (checking for obvious problems).
Checking module ledwalker...
Found and reported 0 problems.

3. Executing HIERARCHY pass (managing design hierarchy).

3.1. Analyzing design hierarchy..
Top module:  \ledwalker

3.2. Analyzing design hierarchy..
Top module:  \ledwalker
Removed 0 unused modules.
Module ledwalker directly or indirectly contains formal properties -> setting "keep" attribute.

4. Executing jny backend.

5. Executing RTLIL backend.
Output filename: ../model/design.il

End of script. Logfile hash: 8de8a83e7d, CPU: user 0.01s system 0.02s, MEM: 11.21 MB peak
Yosys 0.35+36 (git sha1 c95298225, clang 10.0.0-4ubuntu1 -fPIC -Os)
Time spent: 18% 5x opt_clean (0 sec), 17% 6x opt_expr (0 sec), ...
