Reading netlist file: "C:\Workspace\NES\NESTang\Verilator_FormalVerification\workspace\11ShiftRegister\impl\gwsynthesis\blink_led.vg"
Parsing netlist file "C:\Workspace\NES\NESTang\Verilator_FormalVerification\workspace\11ShiftRegister\impl\gwsynthesis\blink_led.vg" completed
Processing netlist completed
Reading constraint file: "C:\Workspace\NES\NESTang\Verilator_FormalVerification\workspace\11ShiftRegister\src\walker.cst"
Physical Constraint parsed completed
Running placement......
[10%] Placement Phase 0 completed
[20%] Placement Phase 1 completed
[30%] Placement Phase 2 completed
[50%] Placement Phase 3 completed
Running routing......
[60%] Routing Phase 0 completed
[70%] Routing Phase 1 completed
[80%] Routing Phase 2 completed
WARN  (PR1014) : Generic routing resource will be used to clock signal 'i_clk_d' by the specified constraint. And then it may lead to the excessive delay or skew
[90%] Routing Phase 3 completed
Running timing analysis......
[95%] Timing analysis completed
Placement and routing completed
Bitstream generation in progress......
Bitstream generation completed
Running power analysis......
[100%] Power analysis completed
Generate file "C:\Workspace\NES\NESTang\Verilator_FormalVerification\workspace\11ShiftRegister\impl\pnr\blink_led.power.html" completed
Generate file "C:\Workspace\NES\NESTang\Verilator_FormalVerification\workspace\11ShiftRegister\impl\pnr\blink_led.pin.html" completed
Generate file "C:\Workspace\NES\NESTang\Verilator_FormalVerification\workspace\11ShiftRegister\impl\pnr\blink_led.rpt.html" completed
Generate file "C:\Workspace\NES\NESTang\Verilator_FormalVerification\workspace\11ShiftRegister\impl\pnr\blink_led.rpt.txt" completed
Generate file "C:\Workspace\NES\NESTang\Verilator_FormalVerification\workspace\11ShiftRegister\impl\pnr\blink_led.tr.html" completed
Thu Oct 26 16:59:26 2023

